[INFO] Scanning for projects...
[INFO] 
[INFO] -----------------------< com.example:order-api >------------------------
[INFO] Building order-api 0.0.1-SNAPSHOT
[INFO]   from pom.xml
[INFO] --------------------------------[ jar ]---------------------------------
[INFO] 
[INFO] --- clean:3.5.0:clean (default-clean) @ order-api ---
[INFO] Deleting /Users/bhumikadommaraju/Downloads/order-api/target
[INFO] 
[INFO] >>> spring-boot:4.0.3:run (default-cli) > test-compile @ order-api >>>
[INFO] 
[INFO] --- resources:3.3.1:resources (default-resources) @ order-api ---
[INFO] Copying 1 resource from src/main/resources to target/classes
[INFO] Copying 1 resource from src/main/resources to target/classes
[INFO] 
[INFO] --- compiler:3.14.1:compile (default-compile) @ order-api ---
[INFO] Recompiling the module because of changed source code.
[INFO] Compiling 13 source files with javac [debug parameters release 17] to target/classes
[INFO] 
[INFO] --- resources:3.3.1:testResources (default-testResources) @ order-api ---
[INFO] skip non existing resourceDirectory /Users/bhumikadommaraju/Downloads/order-api/src/test/resources
[INFO] 
[INFO] --- compiler:3.14.1:testCompile (default-testCompile) @ order-api ---
[INFO] Recompiling the module because of changed dependency.
[INFO] Compiling 1 source file with javac [debug parameters release 17] to target/test-classes
[INFO] 
[INFO] <<< spring-boot:4.0.3:run (default-cli) < test-compile @ order-api <<<
[INFO] 
[INFO] 
[INFO] --- spring-boot:4.0.3:run (default-cli) @ order-api ---
[INFO] Attaching agents: []

  .   ____          _            __ _ _
 /\\ / ___'_ __ _ _(_)_ __  __ _ \ \ \ \
( ( )\___ | '_ | '_| | '_ \/ _` | \ \ \ \
 \\/  ___)| |_)| | | | | || (_| |  ) ) ) )
  '  |____| .__|_| |_|_| |_\__, | / / / /
 =========|_|==============|___/=/_/_/_/

 :: Spring Boot ::                (v4.0.3)

2026-03-02T17:06:51.711-05:00  INFO 79079 --- [order-api] [           main] c.example.order_api.OrderApiApplication  : Starting OrderApiApplication using Java 23.0.1 with PID 79079 (/Users/bhumikadommaraju/Downloads/order-api/target/classes started by bhumikadommaraju in /Users/bhumikadommaraju/Downloads/order-api)
2026-03-02T17:06:51.712-05:00  INFO 79079 --- [order-api] [           main] c.example.order_api.OrderApiApplication  : No active profile set, falling back to 1 default profile: "default"
2026-03-02T17:06:51.971-05:00  INFO 79079 --- [order-api] [           main] .s.d.r.c.RepositoryConfigurationDelegate : Bootstrapping Spring Data JPA repositories in DEFAULT mode.
2026-03-02T17:06:51.990-05:00  INFO 79079 --- [order-api] [           main] .s.d.r.c.RepositoryConfigurationDelegate : Finished Spring Data repository scanning in 15 ms. Found 1 JPA repository interface.
2026-03-02T17:06:52.181-05:00  INFO 79079 --- [order-api] [           main] o.s.boot.tomcat.TomcatWebServer          : Tomcat initialized with port 8080 (http)
2026-03-02T17:06:52.186-05:00  INFO 79079 --- [order-api] [           main] o.apache.catalina.core.StandardService   : Starting service [Tomcat]
2026-03-02T17:06:52.186-05:00  INFO 79079 --- [order-api] [           main] o.apache.catalina.core.StandardEngine    : Starting Servlet engine: [Apache Tomcat/11.0.18]
2026-03-02T17:06:52.206-05:00  INFO 79079 --- [order-api] [           main] b.w.c.s.WebApplicationContextInitializer : Root WebApplicationContext: initialization completed in 468 ms
2026-03-02T17:06:52.278-05:00  INFO 79079 --- [order-api] [           main] org.hibernate.orm.jpa                    : HHH008540: Processing PersistenceUnitInfo [name: default]
2026-03-02T17:06:52.308-05:00  INFO 79079 --- [order-api] [           main] org.hibernate.orm.core                   : HHH000001: Hibernate ORM core version 7.2.4.Final
2026-03-02T17:06:52.482-05:00  INFO 79079 --- [order-api] [           main] o.s.o.j.p.SpringPersistenceUnitInfo      : No LoadTimeWeaver setup: ignoring JPA class transformer
2026-03-02T17:06:52.496-05:00  INFO 79079 --- [order-api] [           main] com.zaxxer.hikari.HikariDataSource       : HikariPool-1 - Starting...
2026-03-02T17:06:52.570-05:00  INFO 79079 --- [order-api] [           main] com.zaxxer.hikari.pool.HikariPool        : HikariPool-1 - Added connection conn0: url=jdbc:h2:mem:orderdb user=SA
2026-03-02T17:06:52.571-05:00  INFO 79079 --- [order-api] [           main] com.zaxxer.hikari.HikariDataSource       : HikariPool-1 - Start completed.
2026-03-02T17:06:52.596-05:00  INFO 79079 --- [order-api] [           main] org.hibernate.orm.connections.pooling    : HHH10001005: Database info:
	Database JDBC URL [jdbc:h2:mem:orderdb]
	Database driver: H2 JDBC Driver
	Database dialect: H2Dialect
	Database version: 2.4.240
	Default catalog/schema: ORDERDB/PUBLIC
	Autocommit mode: undefined/unknown
	Isolation level: READ_COMMITTED [default READ_COMMITTED]
	JDBC fetch size: 100
	Pool: DataSourceConnectionProvider
	Minimum pool size: undefined/unknown
	Maximum pool size: undefined/unknown
2026-03-02T17:06:52.963-05:00  INFO 79079 --- [order-api] [           main] org.hibernate.orm.core                   : HHH000489: No JTA platform available (set 'hibernate.transaction.jta.platform' to enable JTA platform integration)
2026-03-02T17:06:52.991-05:00  INFO 79079 --- [order-api] [           main] j.LocalContainerEntityManagerFactoryBean : Initialized JPA EntityManagerFactory for persistence unit 'default'
2026-03-02T17:06:53.028-05:00  INFO 79079 --- [order-api] [           main] o.s.d.j.r.query.QueryEnhancerFactories   : Hibernate is in classpath; If applicable, HQL parser will be used.
2026-03-02T17:06:53.080-05:00  WARN 79079 --- [order-api] [           main] JpaBaseConfiguration$JpaWebConfiguration : spring.jpa.open-in-view is enabled by default. Therefore, database queries may be performed during view rendering. Explicitly configure spring.jpa.open-in-view to disable this warning
2026-03-02T17:06:53.111-05:00  WARN 79079 --- [order-api] [           main] .s.a.UserDetailsServiceAutoConfiguration : 

Using generated security password: 51dcc6ee-3e56-4efb-8052-9f0939d6221d

This generated password is for development use only. Your security configuration must be updated before running your application in production.

2026-03-02T17:06:53.113-05:00  INFO 79079 --- [order-api] [           main] r$InitializeUserDetailsManagerConfigurer : Global AuthenticationManager configured with UserDetailsService bean with name inMemoryUserDetailsManager
2026-03-02T17:06:53.279-05:00  INFO 79079 --- [order-api] [           main] o.s.boot.tomcat.TomcatWebServer          : Tomcat started on port 8080 (http) with context path '/'
2026-03-02T17:06:53.281-05:00  INFO 79079 --- [order-api] [           main] c.example.order_api.OrderApiApplication  : Started OrderApiApplication in 1.723 seconds (process running for 1.899)
